<?xml version="1.0" encoding="UTF-8"?>
<!-- Generated by org.testng.reporters.JUnitReportReporter -->
<testsuite hostname="LIN-5CG13495L4" failures="0" tests="2" name="runners.TestRunner" time="14.770" errors="0" timestamp="2025-07-23T13:20:58 IST" skipped="0">
  <testcase classname="runners.TestRunner" name="runScenario" time="7.647"/>
  <testcase classname="runners.TestRunner" name="runScenario" time="7.123"/>
</testsuite> <!-- runners.TestRunner -->
